app/build/outputs/logs/manifest-merger-debug-report.txt
-- Merging decision tree log ---
manifest
ADDED from src/main/AndroidManifest.xml:1:1-36:12
	package
		ADDED from src/main/AndroidManifest.xml:2:5-38
		INJECTED from src/main/AndroidManifest.xml
		INJECTED from src/main/AndroidManifest.xml
	android:versionName
		INJECTED from src/main/AndroidManifest.xml
		INJECTED from src/main/AndroidManifest.xml
	xmlns:android
		ADDED from src/main/AndroidManifest.xml:1:11-69
	android:versionCode
		INJECTED from src/main/AndroidManifest.xml
		INJECTED from src/main/AndroidManifest.xml
uses-permission#android.permission.READ_LOGS
ADDED from src/main/AndroidManifest.xml:4:5-68
	android:name
		ADDED from src/main/AndroidManifest.xml:4:22-65
application
ADDED from src/main/AndroidManifest.xml:6:5-34:19
MERGED from [com.android.support:appcompat-v7:23.1.1] AndroidManifest.xml:22:5-20
MERGED from [com.android.support:support-v4:23.1.1] AndroidManifest.xml:22:5-20
MERGED from [com.android.support:support-v4:23.1.1] AndroidManifest.xml:22:5-20
MERGED from [net.yazeed44.imagepicker:imagepicker:1.3.0] AndroidManifest.xml:11:5-19:19
MERGED from [com.android.support:appcompat-v7:23.1.1] AndroidManifest.xml:22:5-20
MERGED from [com.android.support:support-v4:23.1.1] AndroidManifest.xml:22:5-20
MERGED from [com.commonsware.cwac:cam2:0.2.3] AndroidManifest.xml:26:5-29:19
MERGED from [com.github.clans:fab:1.6.1] AndroidManifest.xml:12:5-20
MERGED from [com.android.support:support-v4:23.1.1] AndroidManifest.xml:22:5-20
MERGED from [com.github.chrisbanes.photoview:library:1.2.3] AndroidManifest.xml:4:5-81
MERGED from [com.android.support:support-v4:23.1.1] AndroidManifest.xml:22:5-20
MERGED from [com.android.support:design:23.0.0] AndroidManifest.xml:22:5-20
MERGED from [com.android.support:appcompat-v7:23.1.1] AndroidManifest.xml:22:5-20
MERGED from [com.android.support:support-v4:23.1.1] AndroidManifest.xml:22:5-20
MERGED from [com.android.support:support-v4:23.1.1] AndroidManifest.xml:22:5-20
MERGED from [com.melnykov:floatingactionbutton:1.3.0] AndroidManifest.xml:12:5-20
MERGED from [com.android.support:support-v4:23.1.1] AndroidManifest.xml:22:5-20
MERGED from [com.github.afollestad.material-dialogs:core:0.8.5.1] AndroidManifest.xml:13:5-20
MERGED from [com.android.support:appcompat-v7:23.1.1] AndroidManifest.xml:22:5-20
MERGED from [com.android.support:support-v4:23.1.1] AndroidManifest.xml:22:5-20
MERGED from [com.android.support:support-v4:23.1.1] AndroidManifest.xml:22:5-20
MERGED from [com.android.support:appcompat-v7:23.1.1] AndroidManifest.xml:22:5-20
MERGED from [com.android.support:support-v4:23.1.1] AndroidManifest.xml:22:5-20
MERGED from [com.android.support:support-v4:23.1.1] AndroidManifest.xml:22:5-20
MERGED from [Fujifilm.Android.SPA.SDK.SampleApp:fujifilm.spa.sdk:unspecified] AndroidManifest.xml:18:5-27:19
	android:label
		ADDED from src/main/AndroidManifest.xml:10:9-41
	android:supportsRtl
		ADDED from src/main/AndroidManifest.xml:11:9-35
	android:hardwareAccelerated
		ADDED from [com.github.chrisbanes.photoview:library:1.2.3] AndroidManifest.xml:4:45-79
	android:allowBackup
		ADDED from src/main/AndroidManifest.xml:8:9-35
	android:icon
		ADDED from src/main/AndroidManifest.xml:9:9-43
	android:theme
		ADDED from src/main/AndroidManifest.xml:12:9-46
	android:name
		ADDED from src/main/AndroidManifest.xml:7:9-42
activity#org.acra.CrashReportDialog
ADDED from src/main/AndroidManifest.xml:15:9-21:61
	android:process
		ADDED from src/main/AndroidManifest.xml:20:13-44
	android:excludeFromRecents
		ADDED from src/main/AndroidManifest.xml:17:13-46
	android:launchMode
		ADDED from src/main/AndroidManifest.xml:19:13-48
	android:finishOnTaskLaunch
		ADDED from src/main/AndroidManifest.xml:18:13-46
	android:theme
		ADDED from src/main/AndroidManifest.xml:21:13-58
	android:name
		ADDED from src/main/AndroidManifest.xml:16:13-54
activity#com.fujifilm.sample.spa.MainActivity
ADDED from src/main/AndroidManifest.xml:23:9-32:20
	android:screenOrientation
		ADDED from src/main/AndroidManifest.xml:26:13-49
	android:label
		ADDED from src/main/AndroidManifest.xml:25:13-45
	android:name
		ADDED from src/main/AndroidManifest.xml:24:13-41
intent-filter#android.intent.action.MAIN+android.intent.category.LAUNCHER
ADDED from src/main/AndroidManifest.xml:27:13-31:29
action#android.intent.action.MAIN
ADDED from src/main/AndroidManifest.xml:28:17-69
	android:name
		ADDED from src/main/AndroidManifest.xml:28:25-66
category#android.intent.category.LAUNCHER
ADDED from src/main/AndroidManifest.xml:30:17-77
	android:name
		ADDED from src/main/AndroidManifest.xml:30:27-74
uses-sdk
INJECTED from src/main/AndroidManifest.xml reason: use-sdk injection requested
MERGED from [com.android.support:appcompat-v7:23.1.1] AndroidManifest.xml:20:5-43
MERGED from [com.android.support:support-v4:23.1.1] AndroidManifest.xml:20:5-43
MERGED from [com.android.support:support-v4:23.1.1] AndroidManifest.xml:20:5-43
MERGED from [net.yazeed44.imagepicker:imagepicker:1.3.0] AndroidManifest.xml:5:5-7:41
MERGED from [com.android.support:appcompat-v7:23.1.1] AndroidManifest.xml:20:5-43
MERGED from [com.android.support:support-v4:23.1.1] AndroidManifest.xml:20:5-43
MERGED from [com.commonsware.cwac:cam2:0.2.3] AndroidManifest.xml:5:5-7:41
MERGED from [com.github.clans:fab:1.6.1] AndroidManifest.xml:8:5-10:41
MERGED from [com.android.support:recyclerview-v7:23.1.1] AndroidManifest.xml:20:5-43
MERGED from [com.android.support:support-v4:23.1.1] AndroidManifest.xml:20:5-43
MERGED from [com.github.chrisbanes.photoview:library:1.2.3] AndroidManifest.xml:2:5-72
MERGED from [com.android.support:support-v4:23.1.1] AndroidManifest.xml:20:5-43
MERGED from [com.android.support:design:23.0.0] AndroidManifest.xml:20:5-43
MERGED from [com.android.support:appcompat-v7:23.1.1] AndroidManifest.xml:20:5-43
MERGED from [com.android.support:support-v4:23.1.1] AndroidManifest.xml:20:5-43
MERGED from [com.android.support:support-v4:23.1.1] AndroidManifest.xml:20:5-43
MERGED from [com.melnykov:floatingactionbutton:1.3.0] AndroidManifest.xml:8:5-10:41
MERGED from [com.android.support:recyclerview-v7:23.1.1] AndroidManifest.xml:20:5-43
MERGED from [com.android.support:support-v4:23.1.1] AndroidManifest.xml:20:5-43
MERGED from [com.github.afollestad.material-dialogs:core:0.8.5.1] AndroidManifest.xml:8:5-11:75
MERGED from [me.zhanghai.android.materialprogressbar:library:1.1.4] AndroidManifest.xml:11:5-13:41
MERGED from [com.android.support:appcompat-v7:23.1.1] AndroidManifest.xml:20:5-43
MERGED from [com.android.support:support-v4:23.1.1] AndroidManifest.xml:20:5-43
MERGED from [com.android.support:recyclerview-v7:23.1.1] AndroidManifest.xml:20:5-43
MERGED from [com.android.support:support-v4:23.1.1] AndroidManifest.xml:20:5-43
MERGED from [com.android.support:appcompat-v7:23.1.1] AndroidManifest.xml:20:5-43
MERGED from [com.android.support:support-v4:23.1.1] AndroidManifest.xml:20:5-43
MERGED from [com.android.support:support-v4:23.1.1] AndroidManifest.xml:20:5-43
MERGED from [fr.avianey.com.viewpagerindicator:library:2.4.1] AndroidManifest.xml:8:5-43
MERGED from [Fujifilm.Android.SPA.SDK.SampleApp:fujifilm.spa.sdk:unspecified] AndroidManifest.xml:7:5-9:41
	tools:overrideLibrary
		ADDED from [com.github.afollestad.material-dialogs:core:0.8.5.1] AndroidManifest.xml:11:9-72
	android:targetSdkVersion
		INJECTED from src/main/AndroidManifest.xml
		INJECTED from src/main/AndroidManifest.xml
	android:minSdkVersion
		INJECTED from src/main/AndroidManifest.xml
		INJECTED from src/main/AndroidManifest.xml
uses-permission#android.permission.READ_EXTERNAL_STORAGE
ADDED from [net.yazeed44.imagepicker:imagepicker:1.3.0] AndroidManifest.xml:9:5-80
	android:name
		ADDED from [net.yazeed44.imagepicker:imagepicker:1.3.0] AndroidManifest.xml:9:22-77
activity#net.yazeed44.imagepicker.ui.PickerActivity
ADDED from [net.yazeed44.imagepicker:imagepicker:1.3.0] AndroidManifest.xml:14:9-79
	android:name
		ADDED from [net.yazeed44.imagepicker:imagepicker:1.3.0] AndroidManifest.xml:14:19-76
service#net.yazeed44.imagepicker.util.OfflineSpiceService
ADDED from [net.yazeed44.imagepicker:imagepicker:1.3.0] AndroidManifest.xml:16:9-18:40
	android:exported
		ADDED from [net.yazeed44.imagepicker:imagepicker:1.3.0] AndroidManifest.xml:18:13-37
	android:name
		ADDED from [net.yazeed44.imagepicker:imagepicker:1.3.0] AndroidManifest.xml:17:13-77
uses-permission#android.permission.CAMERA
ADDED from [com.commonsware.cwac:cam2:0.2.3] AndroidManifest.xml:9:5-65
	android:name
		ADDED from [com.commonsware.cwac:cam2:0.2.3] AndroidManifest.xml:9:22-62
uses-permission#android.permission.WRITE_EXTERNAL_STORAGE
ADDED from [com.commonsware.cwac:cam2:0.2.3] AndroidManifest.xml:10:5-81
	android:name
		ADDED from [com.commonsware.cwac:cam2:0.2.3] AndroidManifest.xml:10:22-78
uses-permission#android.permission.RECORD_AUDIO
ADDED from [com.commonsware.cwac:cam2:0.2.3] AndroidManifest.xml:11:5-71
	android:name
		ADDED from [com.commonsware.cwac:cam2:0.2.3] AndroidManifest.xml:11:22-68
uses-feature#android.hardware.camera
ADDED from [com.commonsware.cwac:cam2:0.2.3] AndroidManifest.xml:13:5-15:35
	android:required
		ADDED from [com.commonsware.cwac:cam2:0.2.3] AndroidManifest.xml:15:9-32
	android:name
		ADDED from [com.commonsware.cwac:cam2:0.2.3] AndroidManifest.xml:14:9-47
uses-feature#android.hardware.camera.front
ADDED from [com.commonsware.cwac:cam2:0.2.3] AndroidManifest.xml:16:5-18:36
	android:required
		ADDED from [com.commonsware.cwac:cam2:0.2.3] AndroidManifest.xml:18:9-33
	android:name
		ADDED from [com.commonsware.cwac:cam2:0.2.3] AndroidManifest.xml:17:9-53
uses-feature#android.hardware.camera.autofocus
ADDED from [com.commonsware.cwac:cam2:0.2.3] AndroidManifest.xml:19:5-21:36
	android:required
		ADDED from [com.commonsware.cwac:cam2:0.2.3] AndroidManifest.xml:21:9-33
	android:name
		ADDED from [com.commonsware.cwac:cam2:0.2.3] AndroidManifest.xml:20:9-57
uses-feature#android.hardware.microphone
ADDED from [com.commonsware.cwac:cam2:0.2.3] AndroidManifest.xml:22:5-24:36
	android:required
		ADDED from [com.commonsware.cwac:cam2:0.2.3] AndroidManifest.xml:24:9-33
	android:name
		ADDED from [com.commonsware.cwac:cam2:0.2.3] AndroidManifest.xml:23:9-51
activity#com.commonsware.cwac.cam2.CameraActivity
ADDED from [com.commonsware.cwac:cam2:0.2.3] AndroidManifest.xml:27:9-77
	android:name
		ADDED from [com.commonsware.cwac:cam2:0.2.3] AndroidManifest.xml:27:19-74
activity#com.commonsware.cwac.cam2.VideoRecorderActivity
ADDED from [com.commonsware.cwac:cam2:0.2.3] AndroidManifest.xml:28:9-84
	android:name
		ADDED from [com.commonsware.cwac:cam2:0.2.3] AndroidManifest.xml:28:19-81
uses-permission#android.permission.INTERNET
ADDED from [Fujifilm.Android.SPA.SDK.SampleApp:fujifilm.spa.sdk:unspecified] AndroidManifest.xml:11:5-67
	android:name
		ADDED from [Fujifilm.Android.SPA.SDK.SampleApp:fujifilm.spa.sdk:unspecified] AndroidManifest.xml:11:22-64
uses-permission#android.permission.ACCESS_NETWORK_STATE
ADDED from [Fujifilm.Android.SPA.SDK.SampleApp:fujifilm.spa.sdk:unspecified] AndroidManifest.xml:12:5-79
	android:name
		ADDED from [Fujifilm.Android.SPA.SDK.SampleApp:fujifilm.spa.sdk:unspecified] AndroidManifest.xml:12:22-76
uses-permission#android.permission.READ_CONTACTS
ADDED from [Fujifilm.Android.SPA.SDK.SampleApp:fujifilm.spa.sdk:unspecified] AndroidManifest.xml:13:5-72
	android:name
		ADDED from [Fujifilm.Android.SPA.SDK.SampleApp:fujifilm.spa.sdk:unspecified] AndroidManifest.xml:13:22-69
uses-permission#android.permission.READ_PROFILE
ADDED from [Fujifilm.Android.SPA.SDK.SampleApp:fujifilm.spa.sdk:unspecified] AndroidManifest.xml:14:5-71
	android:name
		ADDED from [Fujifilm.Android.SPA.SDK.SampleApp:fujifilm.spa.sdk:unspecified] AndroidManifest.xml:14:22-68
activity#com.fujifilm.libs.spa.FujifilmSPASDKActivity
ADDED from [Fujifilm.Android.SPA.SDK.SampleApp:fujifilm.spa.sdk:unspecified] AndroidManifest.xml:21:9-26:20
	android:screenOrientation
		ADDED from [Fujifilm.Android.SPA.SDK.SampleApp:fujifilm.spa.sdk:unspecified] AndroidManifest.xml:24:13-49
	android:launchMode
		ADDED from [Fujifilm.Android.SPA.SDK.SampleApp:fujifilm.spa.sdk:unspecified] AndroidManifest.xml:23:13-43
	android:theme
		ADDED from [Fujifilm.Android.SPA.SDK.SampleApp:fujifilm.spa.sdk:unspecified] AndroidManifest.xml:25:13-53
	android:name
		ADDED from [Fujifilm.Android.SPA.SDK.SampleApp:fujifilm.spa.sdk:unspecified] AndroidManifest.xml:22:13-72